<?xml version="1.0" encoding="UTF-8"?>
<coverage generated="1771422573445" clover="3.2.0">
  <project timestamp="1771422573446" name="All files">
    <metrics statements="120" coveredstatements="120" conditionals="93" coveredconditionals="93" methods="18" coveredmethods="18" elements="231" coveredelements="231" complexity="0" loc="120" ncloc="120" packages="3" files="3" classes="3"/>
    <package name="src">
      <metrics statements="1" coveredstatements="1" conditionals="0" coveredconditionals="0" methods="1" coveredmethods="1"/>
      <file name="App.js" path="C:\Users\pierr\Documents\Ynov\Cours\Tests\Activite1\my-app\src\App.js">
        <metrics statements="1" coveredstatements="1" conditionals="0" coveredconditionals="0" methods="1" coveredmethods="1"/>
        <line num="21" count="1" type="stmt"/>
      </file>
    </package>
    <package name="src.pages">
      <metrics statements="61" coveredstatements="61" conditionals="48" coveredconditionals="48" methods="9" coveredmethods="9"/>
      <file name="RegistrationForm.js" path="C:\Users\pierr\Documents\Ynov\Cours\Tests\Activite1\my-app\src\pages\RegistrationForm.js">
        <metrics statements="61" coveredstatements="61" conditionals="48" coveredconditionals="48" methods="9" coveredmethods="9"/>
        <line num="16" count="2" type="stmt"/>
        <line num="17" count="77" type="stmt"/>
        <line num="26" count="77" type="stmt"/>
        <line num="27" count="77" type="stmt"/>
        <line num="35" count="77" type="stmt"/>
        <line num="36" count="43" type="stmt"/>
        <line num="37" count="43" type="stmt"/>
        <line num="43" count="43" type="cond" truecount="2" falsecount="0"/>
        <line num="44" count="2" type="stmt"/>
        <line num="51" count="43" type="cond" truecount="2" falsecount="0"/>
        <line num="52" count="1" type="stmt"/>
        <line num="62" count="77" type="stmt"/>
        <line num="63" count="9" type="stmt"/>
        <line num="64" count="9" type="stmt"/>
        <line num="65" count="9" type="stmt"/>
        <line num="66" count="9" type="cond" truecount="2" falsecount="0"/>
        <line num="67" count="7" type="cond" truecount="2" falsecount="0"/>
        <line num="68" count="6" type="cond" truecount="2" falsecount="0"/>
        <line num="69" count="4" type="cond" truecount="2" falsecount="0"/>
        <line num="70" count="3" type="cond" truecount="2" falsecount="0"/>
        <line num="71" count="2" type="cond" truecount="2" falsecount="0"/>
        <line num="73" count="8" type="stmt"/>
        <line num="76" count="9" type="cond" truecount="2" falsecount="0"/>
        <line num="77" count="8" type="stmt"/>
        <line num="87" count="77" type="stmt"/>
        <line num="88" count="77" type="stmt"/>
        <line num="89" count="77" type="stmt"/>
        <line num="99" count="77" type="stmt"/>
        <line num="100" count="83" type="stmt"/>
        <line num="102" count="83" type="stmt"/>
        <line num="103" count="83" type="stmt"/>
        <line num="105" count="43" type="stmt"/>
        <line num="108" count="83" type="stmt"/>
        <line num="109" count="83" type="stmt"/>
        <line num="111" count="52" type="stmt"/>
        <line num="114" count="83" type="stmt"/>
        <line num="115" count="83" type="stmt"/>
        <line num="117" count="55" type="stmt"/>
        <line num="120" count="83" type="stmt"/>
        <line num="121" count="83" type="stmt"/>
        <line num="123" count="72" type="stmt"/>
        <line num="126" count="83" type="stmt"/>
        <line num="127" count="83" type="stmt"/>
        <line num="129" count="62" type="stmt"/>
        <line num="132" count="83" type="stmt"/>
        <line num="133" count="83" type="stmt"/>
        <line num="135" count="67" type="stmt"/>
        <line num="138" count="83" type="stmt"/>
        <line num="147" count="77" type="stmt"/>
        <line num="148" count="6" type="stmt"/>
        <line num="150" count="6" type="stmt"/>
        <line num="152" count="6" type="cond" truecount="2" falsecount="0"/>
        <line num="153" count="5" type="stmt"/>
        <line num="154" count="5" type="stmt"/>
        <line num="155" count="4" type="stmt"/>
        <line num="156" count="4" type="stmt"/>
        <line num="158" count="4" type="stmt"/>
        <line num="167" count="1" type="stmt"/>
        <line num="170" count="1" type="stmt"/>
        <line num="171" count="1" type="stmt"/>
        <line num="175" count="77" type="stmt"/>
      </file>
    </package>
    <package name="src.utils">
      <metrics statements="58" coveredstatements="58" conditionals="45" coveredconditionals="45" methods="8" coveredmethods="8"/>
      <file name="validator.js" path="C:\Users\pierr\Documents\Ynov\Cours\Tests\Activite1\my-app\src\utils\validator.js">
        <metrics statements="58" coveredstatements="58" conditionals="45" coveredconditionals="45" methods="8" coveredmethods="8"/>
        <line num="11" count="386" type="stmt"/>
        <line num="12" count="386" type="stmt"/>
        <line num="13" count="386" type="stmt"/>
        <line num="24" count="96" type="cond" truecount="2" falsecount="0"/>
        <line num="25" count="2" type="stmt"/>
        <line num="27" count="94" type="cond" truecount="2" falsecount="0"/>
        <line num="28" count="1" type="stmt"/>
        <line num="30" count="93" type="cond" truecount="2" falsecount="0"/>
        <line num="31" count="1" type="stmt"/>
        <line num="33" count="92" type="cond" truecount="2" falsecount="0"/>
        <line num="34" count="1" type="stmt"/>
        <line num="36" count="91" type="cond" truecount="2" falsecount="0"/>
        <line num="37" count="61" type="stmt"/>
        <line num="40" count="30" type="stmt"/>
        <line num="41" count="30" type="stmt"/>
        <line num="42" count="30" type="stmt"/>
        <line num="44" count="30" type="cond" truecount="5" falsecount="0"/>
        <line num="45" count="2" type="stmt"/>
        <line num="47" count="30" type="cond" truecount="2" falsecount="0"/>
        <line num="48" count="6" type="stmt"/>
        <line num="50" count="24" type="stmt"/>
        <line num="60" count="90" type="cond" truecount="2" falsecount="0"/>
        <line num="61" count="71" type="stmt"/>
        <line num="63" count="19" type="cond" truecount="2" falsecount="0"/>
        <line num="64" count="1" type="stmt"/>
        <line num="66" count="18" type="cond" truecount="2" falsecount="0"/>
        <line num="67" count="6" type="stmt"/>
        <line num="69" count="12" type="stmt"/>
        <line num="79" count="178" type="cond" truecount="2" falsecount="0"/>
        <line num="80" count="90" type="stmt"/>
        <line num="82" count="88" type="cond" truecount="2" falsecount="0"/>
        <line num="83" count="1" type="stmt"/>
        <line num="85" count="87" type="cond" truecount="2" falsecount="0"/>
        <line num="86" count="12" type="stmt"/>
        <line num="88" count="75" type="stmt"/>
        <line num="98" count="89" type="cond" truecount="2" falsecount="0"/>
        <line num="99" count="52" type="stmt"/>
        <line num="101" count="37" type="cond" truecount="2" falsecount="0"/>
        <line num="102" count="1" type="stmt"/>
        <line num="104" count="36" type="cond" truecount="2" falsecount="0"/>
        <line num="105" count="7" type="stmt"/>
        <line num="107" count="29" type="stmt"/>
        <line num="117" count="89" type="cond" truecount="2" falsecount="0"/>
        <line num="118" count="66" type="stmt"/>
        <line num="120" count="23" type="cond" truecount="2" falsecount="0"/>
        <line num="121" count="1" type="stmt"/>
        <line num="123" count="22" type="cond" truecount="2" falsecount="0"/>
        <line num="124" count="4" type="stmt"/>
        <line num="126" count="18" type="stmt"/>
        <line num="136" count="6" type="stmt"/>
        <line num="137" count="6" type="cond" truecount="2" falsecount="0"/>
        <line num="138" count="6" type="stmt"/>
        <line num="142" count="6" type="stmt"/>
        <line num="143" count="5" type="stmt"/>
        <line num="145" count="1" type="stmt"/>
        <line num="155" count="3" type="stmt"/>
        <line num="156" count="3" type="cond" truecount="2" falsecount="0"/>
        <line num="158" count="1" type="stmt"/>
      </file>
    </package>
  </project>
</coverage>
