{"C:\\Users\\pierr\\Documents\\Ynov\\Cours\\Tests\\Activite1\\my-app\\src\\App.js": {"path":"C:\\Users\\pierr\\Documents\\Ynov\\Cours\\Tests\\Activite1\\my-app\\src\\App.js","statementMap":{"0":{"start":{"line":5,"column":2},"end":{"line":9,"column":4}}},"fnMap":{"0":{"name":"App","decl":{"start":{"line":4,"column":9},"end":{"line":4,"column":12}},"loc":{"start":{"line":4,"column":15},"end":{"line":10,"column":1}},"line":4}},"branchMap":{},"s":{"0":1},"f":{"0":1},"b":{},"_coverageSchema":"1a1c01bbd47fc00a2c39e90264f33305004495a9","hash":"50fdb4652fbedb8738f5aa3d8e8cf8ed653391df"}
,"C:\\Users\\pierr\\Documents\\Ynov\\Cours\\Tests\\Activite1\\my-app\\src\\RegistrationForm.js": {"path":"C:\\Users\\pierr\\Documents\\Ynov\\Cours\\Tests\\Activite1\\my-app\\src\\RegistrationForm.js","statementMap":{"0":{"start":{"line":5,"column":25},"end":{"line":241,"column":1}},"1":{"start":{"line":6,"column":36},"end":{"line":13,"column":6}},"2":{"start":{"line":15,"column":32},"end":{"line":15,"column":44}},"3":{"start":{"line":16,"column":48},"end":{"line":16,"column":60}},"4":{"start":{"line":18,"column":25},"end":{"line":37,"column":5}},"5":{"start":{"line":19,"column":32},"end":{"line":19,"column":40}},"6":{"start":{"line":20,"column":8},"end":{"line":23,"column":12}},"7":{"start":{"line":20,"column":29},"end":{"line":23,"column":9}},"8":{"start":{"line":26,"column":8},"end":{"line":31,"column":9}},"9":{"start":{"line":27,"column":12},"end":{"line":30,"column":16}},"10":{"start":{"line":27,"column":31},"end":{"line":30,"column":13}},"11":{"start":{"line":34,"column":8},"end":{"line":36,"column":9}},"12":{"start":{"line":35,"column":12},"end":{"line":35,"column":34}},"13":{"start":{"line":39,"column":25},"end":{"line":79,"column":5}},"14":{"start":{"line":40,"column":23},"end":{"line":40,"column":25}},"15":{"start":{"line":42,"column":8},"end":{"line":46,"column":9}},"16":{"start":{"line":43,"column":12},"end":{"line":43,"column":45}},"17":{"start":{"line":45,"column":12},"end":{"line":45,"column":41}},"18":{"start":{"line":48,"column":8},"end":{"line":52,"column":9}},"19":{"start":{"line":49,"column":12},"end":{"line":49,"column":44}},"20":{"start":{"line":51,"column":12},"end":{"line":51,"column":40}},"21":{"start":{"line":54,"column":8},"end":{"line":58,"column":9}},"22":{"start":{"line":55,"column":12},"end":{"line":55,"column":38}},"23":{"start":{"line":57,"column":12},"end":{"line":57,"column":37}},"24":{"start":{"line":60,"column":8},"end":{"line":64,"column":9}},"25":{"start":{"line":61,"column":12},"end":{"line":61,"column":48}},"26":{"start":{"line":63,"column":12},"end":{"line":63,"column":42}},"27":{"start":{"line":66,"column":8},"end":{"line":70,"column":9}},"28":{"start":{"line":67,"column":12},"end":{"line":67,"column":62}},"29":{"start":{"line":69,"column":12},"end":{"line":69,"column":41}},"30":{"start":{"line":72,"column":8},"end":{"line":76,"column":9}},"31":{"start":{"line":73,"column":12},"end":{"line":73,"column":36}},"32":{"start":{"line":75,"column":12},"end":{"line":75,"column":36}},"33":{"start":{"line":78,"column":8},"end":{"line":78,"column":69}},"34":{"start":{"line":81,"column":25},"end":{"line":107,"column":5}},"35":{"start":{"line":82,"column":8},"end":{"line":82,"column":27}},"36":{"start":{"line":84,"column":27},"end":{"line":84,"column":49}},"37":{"start":{"line":86,"column":8},"end":{"line":106,"column":9}},"38":{"start":{"line":87,"column":12},"end":{"line":102,"column":13}},"39":{"start":{"line":88,"column":16},"end":{"line":88,"column":45}},"40":{"start":{"line":89,"column":16},"end":{"line":89,"column":62}},"41":{"start":{"line":90,"column":16},"end":{"line":90,"column":30}},"42":{"start":{"line":92,"column":16},"end":{"line":99,"column":19}},"43":{"start":{"line":101,"column":16},"end":{"line":101,"column":49}},"44":{"start":{"line":104,"column":12},"end":{"line":104,"column":41}},"45":{"start":{"line":105,"column":12},"end":{"line":105,"column":34}},"46":{"start":{"line":109,"column":4},"end":{"line":240,"column":6}}},"fnMap":{"0":{"name":"(anonymous_0)","decl":{"start":{"line":5,"column":25},"end":{"line":5,"column":26}},"loc":{"start":{"line":5,"column":31},"end":{"line":241,"column":1}},"line":5},"1":{"name":"(anonymous_1)","decl":{"start":{"line":18,"column":25},"end":{"line":18,"column":26}},"loc":{"start":{"line":18,"column":32},"end":{"line":37,"column":5}},"line":18},"2":{"name":"(anonymous_2)","decl":{"start":{"line":20,"column":20},"end":{"line":20,"column":21}},"loc":{"start":{"line":20,"column":29},"end":{"line":23,"column":9}},"line":20},"3":{"name":"(anonymous_3)","decl":{"start":{"line":27,"column":22},"end":{"line":27,"column":23}},"loc":{"start":{"line":27,"column":31},"end":{"line":30,"column":13}},"line":27},"4":{"name":"(anonymous_4)","decl":{"start":{"line":39,"column":25},"end":{"line":39,"column":26}},"loc":{"start":{"line":39,"column":35},"end":{"line":79,"column":5}},"line":39},"5":{"name":"(anonymous_5)","decl":{"start":{"line":81,"column":25},"end":{"line":81,"column":26}},"loc":{"start":{"line":81,"column":32},"end":{"line":107,"column":5}},"line":81}},"branchMap":{"0":{"loc":{"start":{"line":26,"column":8},"end":{"line":31,"column":9}},"type":"if","locations":[{"start":{"line":26,"column":8},"end":{"line":31,"column":9}},{"start":{},"end":{}}],"line":26},"1":{"loc":{"start":{"line":34,"column":8},"end":{"line":36,"column":9}},"type":"if","locations":[{"start":{"line":34,"column":8},"end":{"line":36,"column":9}},{"start":{},"end":{}}],"line":34},"2":{"loc":{"start":{"line":86,"column":8},"end":{"line":106,"column":9}},"type":"if","locations":[{"start":{"line":86,"column":8},"end":{"line":106,"column":9}},{"start":{"line":103,"column":15},"end":{"line":106,"column":9}}],"line":86},"3":{"loc":{"start":{"line":113,"column":13},"end":{"line":117,"column":13}},"type":"binary-expr","locations":[{"start":{"line":113,"column":13},"end":{"line":113,"column":27}},{"start":{"line":114,"column":16},"end":{"line":116,"column":22}}],"line":113},"4":{"loc":{"start":{"line":128,"column":35},"end":{"line":128,"column":66}},"type":"cond-expr","locations":[{"start":{"line":128,"column":54},"end":{"line":128,"column":61}},{"start":{"line":128,"column":64},"end":{"line":128,"column":66}}],"line":128},"5":{"loc":{"start":{"line":131,"column":21},"end":{"line":135,"column":21}},"type":"binary-expr","locations":[{"start":{"line":131,"column":21},"end":{"line":131,"column":37}},{"start":{"line":132,"column":24},"end":{"line":134,"column":31}}],"line":131},"6":{"loc":{"start":{"line":146,"column":35},"end":{"line":146,"column":65}},"type":"cond-expr","locations":[{"start":{"line":146,"column":53},"end":{"line":146,"column":60}},{"start":{"line":146,"column":63},"end":{"line":146,"column":65}}],"line":146},"7":{"loc":{"start":{"line":149,"column":21},"end":{"line":153,"column":21}},"type":"binary-expr","locations":[{"start":{"line":149,"column":21},"end":{"line":149,"column":36}},{"start":{"line":150,"column":24},"end":{"line":152,"column":31}}],"line":149},"8":{"loc":{"start":{"line":164,"column":35},"end":{"line":164,"column":62}},"type":"cond-expr","locations":[{"start":{"line":164,"column":50},"end":{"line":164,"column":57}},{"start":{"line":164,"column":60},"end":{"line":164,"column":62}}],"line":164},"9":{"loc":{"start":{"line":167,"column":21},"end":{"line":171,"column":21}},"type":"binary-expr","locations":[{"start":{"line":167,"column":21},"end":{"line":167,"column":33}},{"start":{"line":168,"column":24},"end":{"line":170,"column":31}}],"line":167},"10":{"loc":{"start":{"line":182,"column":35},"end":{"line":182,"column":66}},"type":"cond-expr","locations":[{"start":{"line":182,"column":54},"end":{"line":182,"column":61}},{"start":{"line":182,"column":64},"end":{"line":182,"column":66}}],"line":182},"11":{"loc":{"start":{"line":185,"column":21},"end":{"line":189,"column":21}},"type":"binary-expr","locations":[{"start":{"line":185,"column":21},"end":{"line":185,"column":37}},{"start":{"line":186,"column":24},"end":{"line":188,"column":31}}],"line":185},"12":{"loc":{"start":{"line":200,"column":35},"end":{"line":200,"column":61}},"type":"cond-expr","locations":[{"start":{"line":200,"column":49},"end":{"line":200,"column":56}},{"start":{"line":200,"column":59},"end":{"line":200,"column":61}}],"line":200},"13":{"loc":{"start":{"line":203,"column":21},"end":{"line":207,"column":21}},"type":"binary-expr","locations":[{"start":{"line":203,"column":21},"end":{"line":203,"column":32}},{"start":{"line":204,"column":24},"end":{"line":206,"column":31}}],"line":203},"14":{"loc":{"start":{"line":218,"column":35},"end":{"line":218,"column":67}},"type":"cond-expr","locations":[{"start":{"line":218,"column":55},"end":{"line":218,"column":62}},{"start":{"line":218,"column":65},"end":{"line":218,"column":67}}],"line":218},"15":{"loc":{"start":{"line":222,"column":21},"end":{"line":226,"column":21}},"type":"binary-expr","locations":[{"start":{"line":222,"column":21},"end":{"line":222,"column":38}},{"start":{"line":223,"column":24},"end":{"line":225,"column":31}}],"line":222},"16":{"loc":{"start":{"line":229,"column":17},"end":{"line":233,"column":17}},"type":"binary-expr","locations":[{"start":{"line":229,"column":17},"end":{"line":229,"column":30}},{"start":{"line":230,"column":20},"end":{"line":232,"column":26}}],"line":229}},"s":{"0":1,"1":1,"2":1,"3":1,"4":1,"5":0,"6":0,"7":0,"8":0,"9":0,"10":0,"11":0,"12":0,"13":1,"14":0,"15":0,"16":0,"17":0,"18":0,"19":0,"20":0,"21":0,"22":0,"23":0,"24":0,"25":0,"26":0,"27":0,"28":0,"29":0,"30":0,"31":0,"32":0,"33":0,"34":1,"35":0,"36":0,"37":0,"38":0,"39":0,"40":0,"41":0,"42":0,"43":0,"44":0,"45":0,"46":1},"f":{"0":1,"1":0,"2":0,"3":0,"4":0,"5":0},"b":{"0":[0,0],"1":[0,0],"2":[0,0],"3":[1,0],"4":[0,1],"5":[1,0],"6":[0,1],"7":[1,0],"8":[0,1],"9":[1,0],"10":[0,1],"11":[1,0],"12":[0,1],"13":[1,0],"14":[0,1],"15":[1,0],"16":[1,0]},"_coverageSchema":"1a1c01bbd47fc00a2c39e90264f33305004495a9","hash":"c801b0c703e8450af31f4d5ab0c82ffca0cbfbf7"}
,"C:\\Users\\pierr\\Documents\\Ynov\\Cours\\Tests\\Activite1\\my-app\\src\\utils\\validator.js": {"path":"C:\\Users\\pierr\\Documents\\Ynov\\Cours\\Tests\\Activite1\\my-app\\src\\utils\\validator.js","statementMap":{"0":{"start":{"line":6,"column":8},"end":{"line":6,"column":23}},"1":{"start":{"line":7,"column":8},"end":{"line":7,"column":38}},"2":{"start":{"line":8,"column":8},"end":{"line":8,"column":25}},"3":{"start":{"line":19,"column":4},"end":{"line":21,"column":5}},"4":{"start":{"line":20,"column":8},"end":{"line":20,"column":69}},"5":{"start":{"line":22,"column":4},"end":{"line":24,"column":5}},"6":{"start":{"line":23,"column":8},"end":{"line":23,"column":78}},"7":{"start":{"line":25,"column":4},"end":{"line":27,"column":5}},"8":{"start":{"line":26,"column":8},"end":{"line":26,"column":75}},"9":{"start":{"line":28,"column":4},"end":{"line":30,"column":5}},"10":{"start":{"line":29,"column":8},"end":{"line":29,"column":88}},"11":{"start":{"line":31,"column":4},"end":{"line":33,"column":5}},"12":{"start":{"line":32,"column":8},"end":{"line":32,"column":79}},"13":{"start":{"line":35,"column":18},"end":{"line":35,"column":28}},"14":{"start":{"line":36,"column":14},"end":{"line":36,"column":57}},"15":{"start":{"line":37,"column":14},"end":{"line":37,"column":51}},"16":{"start":{"line":39,"column":4},"end":{"line":41,"column":5}},"17":{"start":{"line":40,"column":8},"end":{"line":40,"column":14}},"18":{"start":{"line":42,"column":4},"end":{"line":44,"column":5}},"19":{"start":{"line":43,"column":8},"end":{"line":43,"column":80}},"20":{"start":{"line":45,"column":4},"end":{"line":45,"column":15}},"21":{"start":{"line":55,"column":4},"end":{"line":57,"column":5}},"22":{"start":{"line":56,"column":8},"end":{"line":56,"column":71}},"23":{"start":{"line":58,"column":4},"end":{"line":60,"column":5}},"24":{"start":{"line":59,"column":8},"end":{"line":59,"column":74}},"25":{"start":{"line":61,"column":4},"end":{"line":63,"column":5}},"26":{"start":{"line":62,"column":8},"end":{"line":62,"column":76}},"27":{"start":{"line":64,"column":4},"end":{"line":64,"column":16}},"28":{"start":{"line":74,"column":4},"end":{"line":76,"column":5}},"29":{"start":{"line":75,"column":8},"end":{"line":75,"column":71}},"30":{"start":{"line":77,"column":4},"end":{"line":79,"column":5}},"31":{"start":{"line":78,"column":8},"end":{"line":78,"column":74}},"32":{"start":{"line":80,"column":4},"end":{"line":82,"column":5}},"33":{"start":{"line":81,"column":8},"end":{"line":81,"column":106}},"34":{"start":{"line":83,"column":4},"end":{"line":83,"column":16}},"35":{"start":{"line":93,"column":4},"end":{"line":95,"column":5}},"36":{"start":{"line":94,"column":8},"end":{"line":94,"column":73}},"37":{"start":{"line":96,"column":4},"end":{"line":98,"column":5}},"38":{"start":{"line":97,"column":8},"end":{"line":97,"column":75}},"39":{"start":{"line":99,"column":4},"end":{"line":101,"column":5}},"40":{"start":{"line":100,"column":8},"end":{"line":100,"column":71}},"41":{"start":{"line":102,"column":4},"end":{"line":102,"column":16}},"42":{"start":{"line":112,"column":4},"end":{"line":114,"column":5}},"43":{"start":{"line":113,"column":8},"end":{"line":113,"column":72}},"44":{"start":{"line":115,"column":4},"end":{"line":117,"column":5}},"45":{"start":{"line":116,"column":8},"end":{"line":116,"column":75}},"46":{"start":{"line":118,"column":4},"end":{"line":120,"column":5}},"47":{"start":{"line":119,"column":8},"end":{"line":119,"column":128}},"48":{"start":{"line":121,"column":4},"end":{"line":121,"column":16}},"49":{"start":{"line":131,"column":4},"end":{"line":141,"column":5}},"50":{"start":{"line":132,"column":29},"end":{"line":132,"column":86}},"51":{"start":{"line":133,"column":8},"end":{"line":136,"column":11}},"52":{"start":{"line":137,"column":8},"end":{"line":137,"column":76}},"53":{"start":{"line":138,"column":8},"end":{"line":138,"column":20}},"54":{"start":{"line":140,"column":8},"end":{"line":140,"column":90}},"55":{"start":{"line":150,"column":4},"end":{"line":154,"column":5}},"56":{"start":{"line":151,"column":8},"end":{"line":151,"column":73}},"57":{"start":{"line":153,"column":8},"end":{"line":153,"column":96}}},"fnMap":{"0":{"name":"(anonymous_0)","decl":{"start":{"line":5,"column":4},"end":{"line":5,"column":5}},"loc":{"start":{"line":5,"column":31},"end":{"line":9,"column":5}},"line":5},"1":{"name":"calculateAge","decl":{"start":{"line":18,"column":16},"end":{"line":18,"column":28}},"loc":{"start":{"line":18,"column":32},"end":{"line":46,"column":1}},"line":18},"2":{"name":"validatePostalCode","decl":{"start":{"line":54,"column":16},"end":{"line":54,"column":34}},"loc":{"start":{"line":54,"column":41},"end":{"line":65,"column":1}},"line":54},"3":{"name":"validateIdentity","decl":{"start":{"line":73,"column":16},"end":{"line":73,"column":32}},"loc":{"start":{"line":73,"column":39},"end":{"line":84,"column":1}},"line":73},"4":{"name":"validateEmail","decl":{"start":{"line":92,"column":16},"end":{"line":92,"column":29}},"loc":{"start":{"line":92,"column":37},"end":{"line":103,"column":1}},"line":92},"5":{"name":"validateCity","decl":{"start":{"line":111,"column":16},"end":{"line":111,"column":28}},"loc":{"start":{"line":111,"column":35},"end":{"line":122,"column":1}},"line":111},"6":{"name":"saveToLocalStorage","decl":{"start":{"line":130,"column":16},"end":{"line":130,"column":34}},"loc":{"start":{"line":130,"column":45},"end":{"line":142,"column":1}},"line":130},"7":{"name":"getFromLocalStorage","decl":{"start":{"line":149,"column":16},"end":{"line":149,"column":35}},"loc":{"start":{"line":149,"column":38},"end":{"line":155,"column":1}},"line":149}},"branchMap":{"0":{"loc":{"start":{"line":19,"column":4},"end":{"line":21,"column":5}},"type":"if","locations":[{"start":{"line":19,"column":4},"end":{"line":21,"column":5}},{"start":{},"end":{}}],"line":19},"1":{"loc":{"start":{"line":22,"column":4},"end":{"line":24,"column":5}},"type":"if","locations":[{"start":{"line":22,"column":4},"end":{"line":24,"column":5}},{"start":{},"end":{}}],"line":22},"2":{"loc":{"start":{"line":25,"column":4},"end":{"line":27,"column":5}},"type":"if","locations":[{"start":{"line":25,"column":4},"end":{"line":27,"column":5}},{"start":{},"end":{}}],"line":25},"3":{"loc":{"start":{"line":28,"column":4},"end":{"line":30,"column":5}},"type":"if","locations":[{"start":{"line":28,"column":4},"end":{"line":30,"column":5}},{"start":{},"end":{}}],"line":28},"4":{"loc":{"start":{"line":31,"column":4},"end":{"line":33,"column":5}},"type":"if","locations":[{"start":{"line":31,"column":4},"end":{"line":33,"column":5}},{"start":{},"end":{}}],"line":31},"5":{"loc":{"start":{"line":39,"column":4},"end":{"line":41,"column":5}},"type":"if","locations":[{"start":{"line":39,"column":4},"end":{"line":41,"column":5}},{"start":{},"end":{}}],"line":39},"6":{"loc":{"start":{"line":39,"column":8},"end":{"line":39,"column":65}},"type":"binary-expr","locations":[{"start":{"line":39,"column":8},"end":{"line":39,"column":13}},{"start":{"line":39,"column":18},"end":{"line":39,"column":25}},{"start":{"line":39,"column":29},"end":{"line":39,"column":64}}],"line":39},"7":{"loc":{"start":{"line":42,"column":4},"end":{"line":44,"column":5}},"type":"if","locations":[{"start":{"line":42,"column":4},"end":{"line":44,"column":5}},{"start":{},"end":{}}],"line":42},"8":{"loc":{"start":{"line":55,"column":4},"end":{"line":57,"column":5}},"type":"if","locations":[{"start":{"line":55,"column":4},"end":{"line":57,"column":5}},{"start":{},"end":{}}],"line":55},"9":{"loc":{"start":{"line":58,"column":4},"end":{"line":60,"column":5}},"type":"if","locations":[{"start":{"line":58,"column":4},"end":{"line":60,"column":5}},{"start":{},"end":{}}],"line":58},"10":{"loc":{"start":{"line":61,"column":4},"end":{"line":63,"column":5}},"type":"if","locations":[{"start":{"line":61,"column":4},"end":{"line":63,"column":5}},{"start":{},"end":{}}],"line":61},"11":{"loc":{"start":{"line":74,"column":4},"end":{"line":76,"column":5}},"type":"if","locations":[{"start":{"line":74,"column":4},"end":{"line":76,"column":5}},{"start":{},"end":{}}],"line":74},"12":{"loc":{"start":{"line":77,"column":4},"end":{"line":79,"column":5}},"type":"if","locations":[{"start":{"line":77,"column":4},"end":{"line":79,"column":5}},{"start":{},"end":{}}],"line":77},"13":{"loc":{"start":{"line":80,"column":4},"end":{"line":82,"column":5}},"type":"if","locations":[{"start":{"line":80,"column":4},"end":{"line":82,"column":5}},{"start":{},"end":{}}],"line":80},"14":{"loc":{"start":{"line":93,"column":4},"end":{"line":95,"column":5}},"type":"if","locations":[{"start":{"line":93,"column":4},"end":{"line":95,"column":5}},{"start":{},"end":{}}],"line":93},"15":{"loc":{"start":{"line":96,"column":4},"end":{"line":98,"column":5}},"type":"if","locations":[{"start":{"line":96,"column":4},"end":{"line":98,"column":5}},{"start":{},"end":{}}],"line":96},"16":{"loc":{"start":{"line":99,"column":4},"end":{"line":101,"column":5}},"type":"if","locations":[{"start":{"line":99,"column":4},"end":{"line":101,"column":5}},{"start":{},"end":{}}],"line":99},"17":{"loc":{"start":{"line":112,"column":4},"end":{"line":114,"column":5}},"type":"if","locations":[{"start":{"line":112,"column":4},"end":{"line":114,"column":5}},{"start":{},"end":{}}],"line":112},"18":{"loc":{"start":{"line":115,"column":4},"end":{"line":117,"column":5}},"type":"if","locations":[{"start":{"line":115,"column":4},"end":{"line":117,"column":5}},{"start":{},"end":{}}],"line":115},"19":{"loc":{"start":{"line":118,"column":4},"end":{"line":120,"column":5}},"type":"if","locations":[{"start":{"line":118,"column":4},"end":{"line":120,"column":5}},{"start":{},"end":{}}],"line":118},"20":{"loc":{"start":{"line":132,"column":40},"end":{"line":132,"column":85}},"type":"binary-expr","locations":[{"start":{"line":132,"column":40},"end":{"line":132,"column":77}},{"start":{"line":132,"column":81},"end":{"line":132,"column":85}}],"line":132},"21":{"loc":{"start":{"line":151,"column":26},"end":{"line":151,"column":71}},"type":"binary-expr","locations":[{"start":{"line":151,"column":26},"end":{"line":151,"column":63}},{"start":{"line":151,"column":67},"end":{"line":151,"column":71}}],"line":151}},"s":{"0":27,"1":27,"2":27,"3":12,"4":2,"5":10,"6":1,"7":9,"8":1,"9":8,"10":1,"11":7,"12":1,"13":6,"14":6,"15":6,"16":6,"17":2,"18":6,"19":3,"20":3,"21":6,"22":1,"23":5,"24":1,"25":4,"26":3,"27":1,"28":8,"29":1,"30":7,"31":1,"32":6,"33":3,"34":3,"35":4,"36":1,"37":3,"38":1,"39":2,"40":1,"41":1,"42":5,"43":1,"44":4,"45":1,"46":3,"47":1,"48":2,"49":2,"50":2,"51":2,"52":2,"53":1,"54":1,"55":3,"56":3,"57":1},"f":{"0":27,"1":12,"2":6,"3":8,"4":4,"5":5,"6":2,"7":3},"b":{"0":[2,10],"1":[1,9],"2":[1,8],"3":[1,7],"4":[1,6],"5":[2,4],"6":[6,6,6],"7":[3,3],"8":[1,5],"9":[1,4],"10":[3,1],"11":[1,7],"12":[1,6],"13":[3,3],"14":[1,3],"15":[1,2],"16":[1,1],"17":[1,4],"18":[1,3],"19":[1,2],"20":[2,2],"21":[3,1]},"_coverageSchema":"1a1c01bbd47fc00a2c39e90264f33305004495a9","hash":"8759543ae8c364aa5d9940d0e8d950af0c68991e"}
}
