{"C:\\Users\\pierr\\Documents\\Ynov\\Cours\\Tests\\Activite1\\my-app\\src\\App.js": {"path":"C:\\Users\\pierr\\Documents\\Ynov\\Cours\\Tests\\Activite1\\my-app\\src\\App.js","statementMap":{"0":{"start":{"line":21,"column":2},"end":{"line":25,"column":4}}},"fnMap":{"0":{"name":"App","decl":{"start":{"line":20,"column":9},"end":{"line":20,"column":12}},"loc":{"start":{"line":20,"column":15},"end":{"line":26,"column":1}},"line":20}},"branchMap":{},"s":{"0":1},"f":{"0":1},"b":{},"_coverageSchema":"1a1c01bbd47fc00a2c39e90264f33305004495a9","hash":"502c4542b9987f52c4da9e8e729d7e576e161305"}
,"C:\\Users\\pierr\\Documents\\Ynov\\Cours\\Tests\\Activite1\\my-app\\src\\pages\\RegistrationForm.js": {"path":"C:\\Users\\pierr\\Documents\\Ynov\\Cours\\Tests\\Activite1\\my-app\\src\\pages\\RegistrationForm.js","statementMap":{"0":{"start":{"line":16,"column":25},"end":{"line":313,"column":1}},"1":{"start":{"line":17,"column":36},"end":{"line":24,"column":6}},"2":{"start":{"line":26,"column":32},"end":{"line":26,"column":44}},"3":{"start":{"line":27,"column":48},"end":{"line":27,"column":60}},"4":{"start":{"line":35,"column":25},"end":{"line":54,"column":5}},"5":{"start":{"line":36,"column":32},"end":{"line":36,"column":40}},"6":{"start":{"line":37,"column":8},"end":{"line":40,"column":12}},"7":{"start":{"line":37,"column":29},"end":{"line":40,"column":9}},"8":{"start":{"line":43,"column":8},"end":{"line":48,"column":9}},"9":{"start":{"line":44,"column":12},"end":{"line":47,"column":16}},"10":{"start":{"line":44,"column":31},"end":{"line":47,"column":13}},"11":{"start":{"line":51,"column":8},"end":{"line":53,"column":9}},"12":{"start":{"line":52,"column":12},"end":{"line":52,"column":34}},"13":{"start":{"line":62,"column":23},"end":{"line":79,"column":5}},"14":{"start":{"line":63,"column":32},"end":{"line":63,"column":40}},"15":{"start":{"line":64,"column":23},"end":{"line":64,"column":25}},"16":{"start":{"line":65,"column":8},"end":{"line":74,"column":9}},"17":{"start":{"line":66,"column":12},"end":{"line":66,"column":62}},"18":{"start":{"line":66,"column":38},"end":{"line":66,"column":62}},"19":{"start":{"line":67,"column":12},"end":{"line":67,"column":61}},"20":{"start":{"line":67,"column":37},"end":{"line":67,"column":61}},"21":{"start":{"line":68,"column":12},"end":{"line":68,"column":55}},"22":{"start":{"line":68,"column":34},"end":{"line":68,"column":55}},"23":{"start":{"line":69,"column":12},"end":{"line":69,"column":65}},"24":{"start":{"line":69,"column":39},"end":{"line":69,"column":65}},"25":{"start":{"line":70,"column":12},"end":{"line":70,"column":53}},"26":{"start":{"line":70,"column":33},"end":{"line":70,"column":53}},"27":{"start":{"line":71,"column":12},"end":{"line":71,"column":79}},"28":{"start":{"line":71,"column":38},"end":{"line":71,"column":79}},"29":{"start":{"line":73,"column":12},"end":{"line":73,"column":33}},"30":{"start":{"line":76,"column":8},"end":{"line":78,"column":9}},"31":{"start":{"line":77,"column":12},"end":{"line":77,"column":63}},"32":{"start":{"line":77,"column":31},"end":{"line":77,"column":60}},"33":{"start":{"line":87,"column":24},"end":{"line":90,"column":5}},"34":{"start":{"line":88,"column":28},"end":{"line":88,"column":50}},"35":{"start":{"line":89,"column":8},"end":{"line":89,"column":23}},"36":{"start":{"line":99,"column":25},"end":{"line":139,"column":5}},"37":{"start":{"line":100,"column":23},"end":{"line":100,"column":25}},"38":{"start":{"line":102,"column":8},"end":{"line":106,"column":9}},"39":{"start":{"line":103,"column":12},"end":{"line":103,"column":45}},"40":{"start":{"line":105,"column":12},"end":{"line":105,"column":41}},"41":{"start":{"line":108,"column":8},"end":{"line":112,"column":9}},"42":{"start":{"line":109,"column":12},"end":{"line":109,"column":44}},"43":{"start":{"line":111,"column":12},"end":{"line":111,"column":40}},"44":{"start":{"line":114,"column":8},"end":{"line":118,"column":9}},"45":{"start":{"line":115,"column":12},"end":{"line":115,"column":38}},"46":{"start":{"line":117,"column":12},"end":{"line":117,"column":37}},"47":{"start":{"line":120,"column":8},"end":{"line":124,"column":9}},"48":{"start":{"line":121,"column":12},"end":{"line":121,"column":48}},"49":{"start":{"line":123,"column":12},"end":{"line":123,"column":42}},"50":{"start":{"line":126,"column":8},"end":{"line":130,"column":9}},"51":{"start":{"line":127,"column":12},"end":{"line":127,"column":62}},"52":{"start":{"line":129,"column":12},"end":{"line":129,"column":41}},"53":{"start":{"line":132,"column":8},"end":{"line":136,"column":9}},"54":{"start":{"line":133,"column":12},"end":{"line":133,"column":36}},"55":{"start":{"line":135,"column":12},"end":{"line":135,"column":36}},"56":{"start":{"line":138,"column":8},"end":{"line":138,"column":69}},"57":{"start":{"line":147,"column":25},"end":{"line":173,"column":5}},"58":{"start":{"line":148,"column":8},"end":{"line":148,"column":27}},"59":{"start":{"line":150,"column":27},"end":{"line":150,"column":49}},"60":{"start":{"line":152,"column":8},"end":{"line":172,"column":9}},"61":{"start":{"line":153,"column":12},"end":{"line":168,"column":13}},"62":{"start":{"line":154,"column":16},"end":{"line":154,"column":45}},"63":{"start":{"line":155,"column":16},"end":{"line":155,"column":62}},"64":{"start":{"line":156,"column":16},"end":{"line":156,"column":30}},"65":{"start":{"line":158,"column":16},"end":{"line":165,"column":19}},"66":{"start":{"line":167,"column":16},"end":{"line":167,"column":49}},"67":{"start":{"line":170,"column":12},"end":{"line":170,"column":41}},"68":{"start":{"line":171,"column":12},"end":{"line":171,"column":34}},"69":{"start":{"line":175,"column":4},"end":{"line":312,"column":6}}},"fnMap":{"0":{"name":"(anonymous_0)","decl":{"start":{"line":16,"column":25},"end":{"line":16,"column":26}},"loc":{"start":{"line":16,"column":31},"end":{"line":313,"column":1}},"line":16},"1":{"name":"(anonymous_1)","decl":{"start":{"line":35,"column":25},"end":{"line":35,"column":26}},"loc":{"start":{"line":35,"column":32},"end":{"line":54,"column":5}},"line":35},"2":{"name":"(anonymous_2)","decl":{"start":{"line":37,"column":20},"end":{"line":37,"column":21}},"loc":{"start":{"line":37,"column":29},"end":{"line":40,"column":9}},"line":37},"3":{"name":"(anonymous_3)","decl":{"start":{"line":44,"column":22},"end":{"line":44,"column":23}},"loc":{"start":{"line":44,"column":31},"end":{"line":47,"column":13}},"line":44},"4":{"name":"(anonymous_4)","decl":{"start":{"line":62,"column":23},"end":{"line":62,"column":24}},"loc":{"start":{"line":62,"column":30},"end":{"line":79,"column":5}},"line":62},"5":{"name":"(anonymous_5)","decl":{"start":{"line":77,"column":22},"end":{"line":77,"column":23}},"loc":{"start":{"line":77,"column":31},"end":{"line":77,"column":60}},"line":77},"6":{"name":"(anonymous_6)","decl":{"start":{"line":87,"column":24},"end":{"line":87,"column":25}},"loc":{"start":{"line":87,"column":30},"end":{"line":90,"column":5}},"line":87},"7":{"name":"(anonymous_7)","decl":{"start":{"line":99,"column":25},"end":{"line":99,"column":26}},"loc":{"start":{"line":99,"column":35},"end":{"line":139,"column":5}},"line":99},"8":{"name":"(anonymous_8)","decl":{"start":{"line":147,"column":25},"end":{"line":147,"column":26}},"loc":{"start":{"line":147,"column":32},"end":{"line":173,"column":5}},"line":147}},"branchMap":{"0":{"loc":{"start":{"line":43,"column":8},"end":{"line":48,"column":9}},"type":"if","locations":[{"start":{"line":43,"column":8},"end":{"line":48,"column":9}},{"start":{},"end":{}}],"line":43},"1":{"loc":{"start":{"line":51,"column":8},"end":{"line":53,"column":9}},"type":"if","locations":[{"start":{"line":51,"column":8},"end":{"line":53,"column":9}},{"start":{},"end":{}}],"line":51},"2":{"loc":{"start":{"line":66,"column":12},"end":{"line":66,"column":62}},"type":"if","locations":[{"start":{"line":66,"column":12},"end":{"line":66,"column":62}},{"start":{},"end":{}}],"line":66},"3":{"loc":{"start":{"line":67,"column":12},"end":{"line":67,"column":61}},"type":"if","locations":[{"start":{"line":67,"column":12},"end":{"line":67,"column":61}},{"start":{},"end":{}}],"line":67},"4":{"loc":{"start":{"line":68,"column":12},"end":{"line":68,"column":55}},"type":"if","locations":[{"start":{"line":68,"column":12},"end":{"line":68,"column":55}},{"start":{},"end":{}}],"line":68},"5":{"loc":{"start":{"line":69,"column":12},"end":{"line":69,"column":65}},"type":"if","locations":[{"start":{"line":69,"column":12},"end":{"line":69,"column":65}},{"start":{},"end":{}}],"line":69},"6":{"loc":{"start":{"line":70,"column":12},"end":{"line":70,"column":53}},"type":"if","locations":[{"start":{"line":70,"column":12},"end":{"line":70,"column":53}},{"start":{},"end":{}}],"line":70},"7":{"loc":{"start":{"line":71,"column":12},"end":{"line":71,"column":79}},"type":"if","locations":[{"start":{"line":71,"column":12},"end":{"line":71,"column":79}},{"start":{},"end":{}}],"line":71},"8":{"loc":{"start":{"line":76,"column":8},"end":{"line":78,"column":9}},"type":"if","locations":[{"start":{"line":76,"column":8},"end":{"line":78,"column":9}},{"start":{},"end":{}}],"line":76},"9":{"loc":{"start":{"line":152,"column":8},"end":{"line":172,"column":9}},"type":"if","locations":[{"start":{"line":152,"column":8},"end":{"line":172,"column":9}},{"start":{"line":169,"column":15},"end":{"line":172,"column":9}}],"line":152},"10":{"loc":{"start":{"line":179,"column":13},"end":{"line":183,"column":13}},"type":"binary-expr","locations":[{"start":{"line":179,"column":13},"end":{"line":179,"column":27}},{"start":{"line":180,"column":16},"end":{"line":182,"column":22}}],"line":179},"11":{"loc":{"start":{"line":195,"column":35},"end":{"line":195,"column":66}},"type":"cond-expr","locations":[{"start":{"line":195,"column":54},"end":{"line":195,"column":61}},{"start":{"line":195,"column":64},"end":{"line":195,"column":66}}],"line":195},"12":{"loc":{"start":{"line":198,"column":21},"end":{"line":202,"column":21}},"type":"binary-expr","locations":[{"start":{"line":198,"column":21},"end":{"line":198,"column":37}},{"start":{"line":199,"column":24},"end":{"line":201,"column":31}}],"line":198},"13":{"loc":{"start":{"line":214,"column":35},"end":{"line":214,"column":65}},"type":"cond-expr","locations":[{"start":{"line":214,"column":53},"end":{"line":214,"column":60}},{"start":{"line":214,"column":63},"end":{"line":214,"column":65}}],"line":214},"14":{"loc":{"start":{"line":217,"column":21},"end":{"line":221,"column":21}},"type":"binary-expr","locations":[{"start":{"line":217,"column":21},"end":{"line":217,"column":36}},{"start":{"line":218,"column":24},"end":{"line":220,"column":31}}],"line":217},"15":{"loc":{"start":{"line":233,"column":35},"end":{"line":233,"column":62}},"type":"cond-expr","locations":[{"start":{"line":233,"column":50},"end":{"line":233,"column":57}},{"start":{"line":233,"column":60},"end":{"line":233,"column":62}}],"line":233},"16":{"loc":{"start":{"line":236,"column":21},"end":{"line":240,"column":21}},"type":"binary-expr","locations":[{"start":{"line":236,"column":21},"end":{"line":236,"column":33}},{"start":{"line":237,"column":24},"end":{"line":239,"column":31}}],"line":236},"17":{"loc":{"start":{"line":252,"column":35},"end":{"line":252,"column":66}},"type":"cond-expr","locations":[{"start":{"line":252,"column":54},"end":{"line":252,"column":61}},{"start":{"line":252,"column":64},"end":{"line":252,"column":66}}],"line":252},"18":{"loc":{"start":{"line":255,"column":21},"end":{"line":259,"column":21}},"type":"binary-expr","locations":[{"start":{"line":255,"column":21},"end":{"line":255,"column":37}},{"start":{"line":256,"column":24},"end":{"line":258,"column":31}}],"line":255},"19":{"loc":{"start":{"line":271,"column":35},"end":{"line":271,"column":61}},"type":"cond-expr","locations":[{"start":{"line":271,"column":49},"end":{"line":271,"column":56}},{"start":{"line":271,"column":59},"end":{"line":271,"column":61}}],"line":271},"20":{"loc":{"start":{"line":274,"column":21},"end":{"line":278,"column":21}},"type":"binary-expr","locations":[{"start":{"line":274,"column":21},"end":{"line":274,"column":32}},{"start":{"line":275,"column":24},"end":{"line":277,"column":31}}],"line":274},"21":{"loc":{"start":{"line":290,"column":35},"end":{"line":290,"column":67}},"type":"cond-expr","locations":[{"start":{"line":290,"column":55},"end":{"line":290,"column":62}},{"start":{"line":290,"column":65},"end":{"line":290,"column":67}}],"line":290},"22":{"loc":{"start":{"line":294,"column":21},"end":{"line":298,"column":21}},"type":"binary-expr","locations":[{"start":{"line":294,"column":21},"end":{"line":294,"column":38}},{"start":{"line":295,"column":24},"end":{"line":297,"column":31}}],"line":294},"23":{"loc":{"start":{"line":301,"column":17},"end":{"line":305,"column":17}},"type":"binary-expr","locations":[{"start":{"line":301,"column":17},"end":{"line":301,"column":30}},{"start":{"line":302,"column":20},"end":{"line":304,"column":26}}],"line":301}},"s":{"0":2,"1":77,"2":77,"3":77,"4":77,"5":43,"6":43,"7":43,"8":43,"9":2,"10":2,"11":43,"12":1,"13":77,"14":9,"15":9,"16":9,"17":9,"18":3,"19":7,"20":1,"21":6,"22":2,"23":4,"24":1,"25":3,"26":1,"27":2,"28":1,"29":8,"30":9,"31":8,"32":8,"33":77,"34":77,"35":77,"36":77,"37":83,"38":83,"39":83,"40":43,"41":83,"42":83,"43":52,"44":83,"45":83,"46":55,"47":83,"48":83,"49":72,"50":83,"51":83,"52":62,"53":83,"54":83,"55":67,"56":83,"57":77,"58":6,"59":6,"60":6,"61":5,"62":5,"63":4,"64":4,"65":4,"66":1,"67":1,"68":1,"69":77},"f":{"0":77,"1":43,"2":43,"3":2,"4":9,"5":8,"6":77,"7":83,"8":6},"b":{"0":[2,41],"1":[1,42],"2":[3,6],"3":[1,6],"4":[2,4],"5":[1,3],"6":[1,2],"7":[1,1],"8":[8,1],"9":[5,1],"10":[77,4],"11":[3,74],"12":[77,3],"13":[2,75],"14":[77,2],"15":[3,74],"16":[77,3],"17":[2,75],"18":[77,2],"19":[2,75],"20":[77,2],"21":[2,75],"22":[77,2],"23":[77,1]},"_coverageSchema":"1a1c01bbd47fc00a2c39e90264f33305004495a9","hash":"2bcb15d0589ed174cb8da908f8e2eef7a34769c7"}
,"C:\\Users\\pierr\\Documents\\Ynov\\Cours\\Tests\\Activite1\\my-app\\src\\utils\\validator.js": {"path":"C:\\Users\\pierr\\Documents\\Ynov\\Cours\\Tests\\Activite1\\my-app\\src\\utils\\validator.js","statementMap":{"0":{"start":{"line":11,"column":8},"end":{"line":11,"column":23}},"1":{"start":{"line":12,"column":8},"end":{"line":12,"column":38}},"2":{"start":{"line":13,"column":8},"end":{"line":13,"column":25}},"3":{"start":{"line":24,"column":4},"end":{"line":26,"column":5}},"4":{"start":{"line":25,"column":8},"end":{"line":25,"column":69}},"5":{"start":{"line":27,"column":4},"end":{"line":29,"column":5}},"6":{"start":{"line":28,"column":8},"end":{"line":28,"column":78}},"7":{"start":{"line":30,"column":4},"end":{"line":32,"column":5}},"8":{"start":{"line":31,"column":8},"end":{"line":31,"column":75}},"9":{"start":{"line":33,"column":4},"end":{"line":35,"column":5}},"10":{"start":{"line":34,"column":8},"end":{"line":34,"column":88}},"11":{"start":{"line":36,"column":4},"end":{"line":38,"column":5}},"12":{"start":{"line":37,"column":8},"end":{"line":37,"column":79}},"13":{"start":{"line":40,"column":18},"end":{"line":40,"column":28}},"14":{"start":{"line":41,"column":14},"end":{"line":41,"column":57}},"15":{"start":{"line":42,"column":14},"end":{"line":42,"column":51}},"16":{"start":{"line":44,"column":4},"end":{"line":46,"column":5}},"17":{"start":{"line":45,"column":8},"end":{"line":45,"column":14}},"18":{"start":{"line":47,"column":4},"end":{"line":49,"column":5}},"19":{"start":{"line":48,"column":8},"end":{"line":48,"column":80}},"20":{"start":{"line":50,"column":4},"end":{"line":50,"column":15}},"21":{"start":{"line":60,"column":4},"end":{"line":62,"column":5}},"22":{"start":{"line":61,"column":8},"end":{"line":61,"column":71}},"23":{"start":{"line":63,"column":4},"end":{"line":65,"column":5}},"24":{"start":{"line":64,"column":8},"end":{"line":64,"column":74}},"25":{"start":{"line":66,"column":4},"end":{"line":68,"column":5}},"26":{"start":{"line":67,"column":8},"end":{"line":67,"column":76}},"27":{"start":{"line":69,"column":4},"end":{"line":69,"column":16}},"28":{"start":{"line":79,"column":4},"end":{"line":81,"column":5}},"29":{"start":{"line":80,"column":8},"end":{"line":80,"column":71}},"30":{"start":{"line":82,"column":4},"end":{"line":84,"column":5}},"31":{"start":{"line":83,"column":8},"end":{"line":83,"column":74}},"32":{"start":{"line":85,"column":4},"end":{"line":87,"column":5}},"33":{"start":{"line":86,"column":8},"end":{"line":86,"column":106}},"34":{"start":{"line":88,"column":4},"end":{"line":88,"column":16}},"35":{"start":{"line":98,"column":4},"end":{"line":100,"column":5}},"36":{"start":{"line":99,"column":8},"end":{"line":99,"column":73}},"37":{"start":{"line":101,"column":4},"end":{"line":103,"column":5}},"38":{"start":{"line":102,"column":8},"end":{"line":102,"column":75}},"39":{"start":{"line":104,"column":4},"end":{"line":106,"column":5}},"40":{"start":{"line":105,"column":8},"end":{"line":105,"column":71}},"41":{"start":{"line":107,"column":4},"end":{"line":107,"column":16}},"42":{"start":{"line":117,"column":4},"end":{"line":119,"column":5}},"43":{"start":{"line":118,"column":8},"end":{"line":118,"column":72}},"44":{"start":{"line":120,"column":4},"end":{"line":122,"column":5}},"45":{"start":{"line":121,"column":8},"end":{"line":121,"column":75}},"46":{"start":{"line":123,"column":4},"end":{"line":125,"column":5}},"47":{"start":{"line":124,"column":8},"end":{"line":124,"column":128}},"48":{"start":{"line":126,"column":4},"end":{"line":126,"column":16}},"49":{"start":{"line":136,"column":4},"end":{"line":146,"column":5}},"50":{"start":{"line":137,"column":29},"end":{"line":137,"column":86}},"51":{"start":{"line":138,"column":8},"end":{"line":141,"column":11}},"52":{"start":{"line":142,"column":8},"end":{"line":142,"column":76}},"53":{"start":{"line":143,"column":8},"end":{"line":143,"column":20}},"54":{"start":{"line":145,"column":8},"end":{"line":145,"column":90}},"55":{"start":{"line":155,"column":4},"end":{"line":159,"column":5}},"56":{"start":{"line":156,"column":8},"end":{"line":156,"column":73}},"57":{"start":{"line":158,"column":8},"end":{"line":158,"column":96}}},"fnMap":{"0":{"name":"(anonymous_0)","decl":{"start":{"line":10,"column":4},"end":{"line":10,"column":5}},"loc":{"start":{"line":10,"column":31},"end":{"line":14,"column":5}},"line":10},"1":{"name":"calculateAge","decl":{"start":{"line":23,"column":16},"end":{"line":23,"column":28}},"loc":{"start":{"line":23,"column":32},"end":{"line":51,"column":1}},"line":23},"2":{"name":"validatePostalCode","decl":{"start":{"line":59,"column":16},"end":{"line":59,"column":34}},"loc":{"start":{"line":59,"column":41},"end":{"line":70,"column":1}},"line":59},"3":{"name":"validateIdentity","decl":{"start":{"line":78,"column":16},"end":{"line":78,"column":32}},"loc":{"start":{"line":78,"column":39},"end":{"line":89,"column":1}},"line":78},"4":{"name":"validateEmail","decl":{"start":{"line":97,"column":16},"end":{"line":97,"column":29}},"loc":{"start":{"line":97,"column":37},"end":{"line":108,"column":1}},"line":97},"5":{"name":"validateCity","decl":{"start":{"line":116,"column":16},"end":{"line":116,"column":28}},"loc":{"start":{"line":116,"column":35},"end":{"line":127,"column":1}},"line":116},"6":{"name":"saveToLocalStorage","decl":{"start":{"line":135,"column":16},"end":{"line":135,"column":34}},"loc":{"start":{"line":135,"column":45},"end":{"line":147,"column":1}},"line":135},"7":{"name":"getFromLocalStorage","decl":{"start":{"line":154,"column":16},"end":{"line":154,"column":35}},"loc":{"start":{"line":154,"column":38},"end":{"line":160,"column":1}},"line":154}},"branchMap":{"0":{"loc":{"start":{"line":24,"column":4},"end":{"line":26,"column":5}},"type":"if","locations":[{"start":{"line":24,"column":4},"end":{"line":26,"column":5}},{"start":{},"end":{}}],"line":24},"1":{"loc":{"start":{"line":27,"column":4},"end":{"line":29,"column":5}},"type":"if","locations":[{"start":{"line":27,"column":4},"end":{"line":29,"column":5}},{"start":{},"end":{}}],"line":27},"2":{"loc":{"start":{"line":30,"column":4},"end":{"line":32,"column":5}},"type":"if","locations":[{"start":{"line":30,"column":4},"end":{"line":32,"column":5}},{"start":{},"end":{}}],"line":30},"3":{"loc":{"start":{"line":33,"column":4},"end":{"line":35,"column":5}},"type":"if","locations":[{"start":{"line":33,"column":4},"end":{"line":35,"column":5}},{"start":{},"end":{}}],"line":33},"4":{"loc":{"start":{"line":36,"column":4},"end":{"line":38,"column":5}},"type":"if","locations":[{"start":{"line":36,"column":4},"end":{"line":38,"column":5}},{"start":{},"end":{}}],"line":36},"5":{"loc":{"start":{"line":44,"column":4},"end":{"line":46,"column":5}},"type":"if","locations":[{"start":{"line":44,"column":4},"end":{"line":46,"column":5}},{"start":{},"end":{}}],"line":44},"6":{"loc":{"start":{"line":44,"column":8},"end":{"line":44,"column":65}},"type":"binary-expr","locations":[{"start":{"line":44,"column":8},"end":{"line":44,"column":13}},{"start":{"line":44,"column":18},"end":{"line":44,"column":25}},{"start":{"line":44,"column":29},"end":{"line":44,"column":64}}],"line":44},"7":{"loc":{"start":{"line":47,"column":4},"end":{"line":49,"column":5}},"type":"if","locations":[{"start":{"line":47,"column":4},"end":{"line":49,"column":5}},{"start":{},"end":{}}],"line":47},"8":{"loc":{"start":{"line":60,"column":4},"end":{"line":62,"column":5}},"type":"if","locations":[{"start":{"line":60,"column":4},"end":{"line":62,"column":5}},{"start":{},"end":{}}],"line":60},"9":{"loc":{"start":{"line":63,"column":4},"end":{"line":65,"column":5}},"type":"if","locations":[{"start":{"line":63,"column":4},"end":{"line":65,"column":5}},{"start":{},"end":{}}],"line":63},"10":{"loc":{"start":{"line":66,"column":4},"end":{"line":68,"column":5}},"type":"if","locations":[{"start":{"line":66,"column":4},"end":{"line":68,"column":5}},{"start":{},"end":{}}],"line":66},"11":{"loc":{"start":{"line":79,"column":4},"end":{"line":81,"column":5}},"type":"if","locations":[{"start":{"line":79,"column":4},"end":{"line":81,"column":5}},{"start":{},"end":{}}],"line":79},"12":{"loc":{"start":{"line":82,"column":4},"end":{"line":84,"column":5}},"type":"if","locations":[{"start":{"line":82,"column":4},"end":{"line":84,"column":5}},{"start":{},"end":{}}],"line":82},"13":{"loc":{"start":{"line":85,"column":4},"end":{"line":87,"column":5}},"type":"if","locations":[{"start":{"line":85,"column":4},"end":{"line":87,"column":5}},{"start":{},"end":{}}],"line":85},"14":{"loc":{"start":{"line":98,"column":4},"end":{"line":100,"column":5}},"type":"if","locations":[{"start":{"line":98,"column":4},"end":{"line":100,"column":5}},{"start":{},"end":{}}],"line":98},"15":{"loc":{"start":{"line":101,"column":4},"end":{"line":103,"column":5}},"type":"if","locations":[{"start":{"line":101,"column":4},"end":{"line":103,"column":5}},{"start":{},"end":{}}],"line":101},"16":{"loc":{"start":{"line":104,"column":4},"end":{"line":106,"column":5}},"type":"if","locations":[{"start":{"line":104,"column":4},"end":{"line":106,"column":5}},{"start":{},"end":{}}],"line":104},"17":{"loc":{"start":{"line":117,"column":4},"end":{"line":119,"column":5}},"type":"if","locations":[{"start":{"line":117,"column":4},"end":{"line":119,"column":5}},{"start":{},"end":{}}],"line":117},"18":{"loc":{"start":{"line":120,"column":4},"end":{"line":122,"column":5}},"type":"if","locations":[{"start":{"line":120,"column":4},"end":{"line":122,"column":5}},{"start":{},"end":{}}],"line":120},"19":{"loc":{"start":{"line":123,"column":4},"end":{"line":125,"column":5}},"type":"if","locations":[{"start":{"line":123,"column":4},"end":{"line":125,"column":5}},{"start":{},"end":{}}],"line":123},"20":{"loc":{"start":{"line":137,"column":40},"end":{"line":137,"column":85}},"type":"binary-expr","locations":[{"start":{"line":137,"column":40},"end":{"line":137,"column":77}},{"start":{"line":137,"column":81},"end":{"line":137,"column":85}}],"line":137},"21":{"loc":{"start":{"line":156,"column":26},"end":{"line":156,"column":71}},"type":"binary-expr","locations":[{"start":{"line":156,"column":26},"end":{"line":156,"column":63}},{"start":{"line":156,"column":67},"end":{"line":156,"column":71}}],"line":156}},"s":{"0":386,"1":386,"2":386,"3":96,"4":2,"5":94,"6":1,"7":93,"8":1,"9":92,"10":1,"11":91,"12":61,"13":30,"14":30,"15":30,"16":30,"17":2,"18":30,"19":6,"20":24,"21":90,"22":71,"23":19,"24":1,"25":18,"26":6,"27":12,"28":178,"29":90,"30":88,"31":1,"32":87,"33":12,"34":75,"35":89,"36":52,"37":37,"38":1,"39":36,"40":7,"41":29,"42":89,"43":66,"44":23,"45":1,"46":22,"47":4,"48":18,"49":6,"50":6,"51":6,"52":6,"53":5,"54":1,"55":3,"56":3,"57":1},"f":{"0":386,"1":96,"2":90,"3":178,"4":89,"5":89,"6":6,"7":3},"b":{"0":[2,94],"1":[1,93],"2":[1,92],"3":[1,91],"4":[61,30],"5":[2,28],"6":[30,30,30],"7":[6,24],"8":[71,19],"9":[1,18],"10":[6,12],"11":[90,88],"12":[1,87],"13":[12,75],"14":[52,37],"15":[1,36],"16":[7,29],"17":[66,23],"18":[1,22],"19":[4,18],"20":[6,5],"21":[3,1]},"_coverageSchema":"1a1c01bbd47fc00a2c39e90264f33305004495a9","hash":"62fe81ec5d45f4904cab93ea72c6cd87a983b090"}
}
