TN:
SF:src\App.js
FN:20,App
FNF:1
FNH:1
FNDA:1,App
DA:21,1
LF:1
LH:1
BRF:0
BRH:0
end_of_record
TN:
SF:src\pages\RegistrationForm.js
FN:16,(anonymous_0)
FN:35,(anonymous_1)
FN:37,(anonymous_2)
FN:44,(anonymous_3)
FN:62,(anonymous_4)
FN:77,(anonymous_5)
FN:87,(anonymous_6)
FN:99,(anonymous_7)
FN:147,(anonymous_8)
FNF:9
FNH:9
FNDA:77,(anonymous_0)
FNDA:43,(anonymous_1)
FNDA:43,(anonymous_2)
FNDA:2,(anonymous_3)
FNDA:9,(anonymous_4)
FNDA:8,(anonymous_5)
FNDA:77,(anonymous_6)
FNDA:83,(anonymous_7)
FNDA:6,(anonymous_8)
DA:16,2
DA:17,77
DA:26,77
DA:27,77
DA:35,77
DA:36,43
DA:37,43
DA:43,43
DA:44,2
DA:51,43
DA:52,1
DA:62,77
DA:63,9
DA:64,9
DA:65,9
DA:66,9
DA:67,7
DA:68,6
DA:69,4
DA:70,3
DA:71,2
DA:73,8
DA:76,9
DA:77,8
DA:87,77
DA:88,77
DA:89,77
DA:99,77
DA:100,83
DA:102,83
DA:103,83
DA:105,43
DA:108,83
DA:109,83
DA:111,52
DA:114,83
DA:115,83
DA:117,55
DA:120,83
DA:121,83
DA:123,72
DA:126,83
DA:127,83
DA:129,62
DA:132,83
DA:133,83
DA:135,67
DA:138,83
DA:147,77
DA:148,6
DA:150,6
DA:152,6
DA:153,5
DA:154,5
DA:155,4
DA:156,4
DA:158,4
DA:167,1
DA:170,1
DA:171,1
DA:175,77
LF:61
LH:61
BRDA:43,0,0,2
BRDA:43,0,1,41
BRDA:51,1,0,1
BRDA:51,1,1,42
BRDA:66,2,0,3
BRDA:66,2,1,6
BRDA:67,3,0,1
BRDA:67,3,1,6
BRDA:68,4,0,2
BRDA:68,4,1,4
BRDA:69,5,0,1
BRDA:69,5,1,3
BRDA:70,6,0,1
BRDA:70,6,1,2
BRDA:71,7,0,1
BRDA:71,7,1,1
BRDA:76,8,0,8
BRDA:76,8,1,1
BRDA:152,9,0,5
BRDA:152,9,1,1
BRDA:179,10,0,77
BRDA:179,10,1,4
BRDA:195,11,0,3
BRDA:195,11,1,74
BRDA:198,12,0,77
BRDA:198,12,1,3
BRDA:214,13,0,2
BRDA:214,13,1,75
BRDA:217,14,0,77
BRDA:217,14,1,2
BRDA:233,15,0,3
BRDA:233,15,1,74
BRDA:236,16,0,77
BRDA:236,16,1,3
BRDA:252,17,0,2
BRDA:252,17,1,75
BRDA:255,18,0,77
BRDA:255,18,1,2
BRDA:271,19,0,2
BRDA:271,19,1,75
BRDA:274,20,0,77
BRDA:274,20,1,2
BRDA:290,21,0,2
BRDA:290,21,1,75
BRDA:294,22,0,77
BRDA:294,22,1,2
BRDA:301,23,0,77
BRDA:301,23,1,1
BRF:48
BRH:48
end_of_record
TN:
SF:src\utils\validator.js
FN:10,(anonymous_0)
FN:23,calculateAge
FN:59,validatePostalCode
FN:78,validateIdentity
FN:97,validateEmail
FN:116,validateCity
FN:135,saveToLocalStorage
FN:154,getFromLocalStorage
FNF:8
FNH:8
FNDA:386,(anonymous_0)
FNDA:96,calculateAge
FNDA:90,validatePostalCode
FNDA:178,validateIdentity
FNDA:89,validateEmail
FNDA:89,validateCity
FNDA:6,saveToLocalStorage
FNDA:3,getFromLocalStorage
DA:11,386
DA:12,386
DA:13,386
DA:24,96
DA:25,2
DA:27,94
DA:28,1
DA:30,93
DA:31,1
DA:33,92
DA:34,1
DA:36,91
DA:37,61
DA:40,30
DA:41,30
DA:42,30
DA:44,30
DA:45,2
DA:47,30
DA:48,6
DA:50,24
DA:60,90
DA:61,71
DA:63,19
DA:64,1
DA:66,18
DA:67,6
DA:69,12
DA:79,178
DA:80,90
DA:82,88
DA:83,1
DA:85,87
DA:86,12
DA:88,75
DA:98,89
DA:99,52
DA:101,37
DA:102,1
DA:104,36
DA:105,7
DA:107,29
DA:117,89
DA:118,66
DA:120,23
DA:121,1
DA:123,22
DA:124,4
DA:126,18
DA:136,6
DA:137,6
DA:138,6
DA:142,6
DA:143,5
DA:145,1
DA:155,3
DA:156,3
DA:158,1
LF:58
LH:58
BRDA:24,0,0,2
BRDA:24,0,1,94
BRDA:27,1,0,1
BRDA:27,1,1,93
BRDA:30,2,0,1
BRDA:30,2,1,92
BRDA:33,3,0,1
BRDA:33,3,1,91
BRDA:36,4,0,61
BRDA:36,4,1,30
BRDA:44,5,0,2
BRDA:44,5,1,28
BRDA:44,6,0,30
BRDA:44,6,1,30
BRDA:44,6,2,30
BRDA:47,7,0,6
BRDA:47,7,1,24
BRDA:60,8,0,71
BRDA:60,8,1,19
BRDA:63,9,0,1
BRDA:63,9,1,18
BRDA:66,10,0,6
BRDA:66,10,1,12
BRDA:79,11,0,90
BRDA:79,11,1,88
BRDA:82,12,0,1
BRDA:82,12,1,87
BRDA:85,13,0,12
BRDA:85,13,1,75
BRDA:98,14,0,52
BRDA:98,14,1,37
BRDA:101,15,0,1
BRDA:101,15,1,36
BRDA:104,16,0,7
BRDA:104,16,1,29
BRDA:117,17,0,66
BRDA:117,17,1,23
BRDA:120,18,0,1
BRDA:120,18,1,22
BRDA:123,19,0,4
BRDA:123,19,1,18
BRDA:137,20,0,6
BRDA:137,20,1,5
BRDA:156,21,0,3
BRDA:156,21,1,1
BRF:45
BRH:45
end_of_record
