TN:
SF:src\App.js
FN:4,App
FNF:1
FNH:1
FNDA:1,App
DA:5,1
LF:1
LH:1
BRF:0
BRH:0
end_of_record
TN:
SF:src\pages\RegistrationForm.js
FN:5,(anonymous_0)
FN:18,(anonymous_1)
FN:20,(anonymous_2)
FN:27,(anonymous_3)
FN:39,(anonymous_4)
FN:54,(anonymous_5)
FN:59,(anonymous_6)
FN:64,(anonymous_7)
FN:106,(anonymous_8)
FNF:9
FNH:9
FNDA:77,(anonymous_0)
FNDA:43,(anonymous_1)
FNDA:43,(anonymous_2)
FNDA:2,(anonymous_3)
FNDA:9,(anonymous_4)
FNDA:8,(anonymous_5)
FNDA:77,(anonymous_6)
FNDA:83,(anonymous_7)
FNDA:6,(anonymous_8)
DA:5,2
DA:6,77
DA:15,77
DA:16,77
DA:18,77
DA:19,43
DA:20,43
DA:26,43
DA:27,2
DA:34,43
DA:35,1
DA:39,77
DA:40,9
DA:41,9
DA:42,9
DA:43,9
DA:44,7
DA:45,6
DA:46,4
DA:47,3
DA:48,2
DA:50,8
DA:53,9
DA:54,8
DA:59,77
DA:60,77
DA:61,77
DA:64,77
DA:65,83
DA:67,83
DA:68,83
DA:70,43
DA:73,83
DA:74,83
DA:76,52
DA:79,83
DA:80,83
DA:82,55
DA:85,83
DA:86,83
DA:88,72
DA:91,83
DA:92,83
DA:94,62
DA:97,83
DA:98,83
DA:100,67
DA:103,83
DA:106,77
DA:107,6
DA:109,6
DA:111,6
DA:112,5
DA:113,5
DA:114,4
DA:115,4
DA:117,4
DA:126,1
DA:129,1
DA:130,1
DA:134,77
LF:61
LH:61
BRDA:26,0,0,2
BRDA:26,0,1,41
BRDA:34,1,0,1
BRDA:34,1,1,42
BRDA:43,2,0,3
BRDA:43,2,1,6
BRDA:44,3,0,1
BRDA:44,3,1,6
BRDA:45,4,0,2
BRDA:45,4,1,4
BRDA:46,5,0,1
BRDA:46,5,1,3
BRDA:47,6,0,1
BRDA:47,6,1,2
BRDA:48,7,0,1
BRDA:48,7,1,1
BRDA:53,8,0,8
BRDA:53,8,1,1
BRDA:111,9,0,5
BRDA:111,9,1,1
BRDA:138,10,0,77
BRDA:138,10,1,4
BRDA:154,11,0,3
BRDA:154,11,1,74
BRDA:157,12,0,77
BRDA:157,12,1,3
BRDA:173,13,0,2
BRDA:173,13,1,75
BRDA:176,14,0,77
BRDA:176,14,1,2
BRDA:192,15,0,3
BRDA:192,15,1,74
BRDA:195,16,0,77
BRDA:195,16,1,3
BRDA:211,17,0,2
BRDA:211,17,1,75
BRDA:214,18,0,77
BRDA:214,18,1,2
BRDA:230,19,0,2
BRDA:230,19,1,75
BRDA:233,20,0,77
BRDA:233,20,1,2
BRDA:249,21,0,2
BRDA:249,21,1,75
BRDA:253,22,0,77
BRDA:253,22,1,2
BRDA:260,23,0,77
BRDA:260,23,1,1
BRF:48
BRH:48
end_of_record
TN:
SF:src\utils\validator.js
FN:5,(anonymous_0)
FN:18,calculateAge
FN:54,validatePostalCode
FN:73,validateIdentity
FN:92,validateEmail
FN:111,validateCity
FN:130,saveToLocalStorage
FN:149,getFromLocalStorage
FNF:8
FNH:8
FNDA:386,(anonymous_0)
FNDA:96,calculateAge
FNDA:90,validatePostalCode
FNDA:178,validateIdentity
FNDA:89,validateEmail
FNDA:89,validateCity
FNDA:6,saveToLocalStorage
FNDA:3,getFromLocalStorage
DA:6,386
DA:7,386
DA:8,386
DA:19,96
DA:20,2
DA:22,94
DA:23,1
DA:25,93
DA:26,1
DA:28,92
DA:29,1
DA:31,91
DA:32,61
DA:35,30
DA:36,30
DA:37,30
DA:39,30
DA:40,2
DA:42,30
DA:43,6
DA:45,24
DA:55,90
DA:56,71
DA:58,19
DA:59,1
DA:61,18
DA:62,6
DA:64,12
DA:74,178
DA:75,90
DA:77,88
DA:78,1
DA:80,87
DA:81,12
DA:83,75
DA:93,89
DA:94,52
DA:96,37
DA:97,1
DA:99,36
DA:100,7
DA:102,29
DA:112,89
DA:113,66
DA:115,23
DA:116,1
DA:118,22
DA:119,4
DA:121,18
DA:131,6
DA:132,6
DA:133,6
DA:137,6
DA:138,5
DA:140,1
DA:150,3
DA:151,3
DA:153,1
LF:58
LH:58
BRDA:19,0,0,2
BRDA:19,0,1,94
BRDA:22,1,0,1
BRDA:22,1,1,93
BRDA:25,2,0,1
BRDA:25,2,1,92
BRDA:28,3,0,1
BRDA:28,3,1,91
BRDA:31,4,0,61
BRDA:31,4,1,30
BRDA:39,5,0,2
BRDA:39,5,1,28
BRDA:39,6,0,30
BRDA:39,6,1,30
BRDA:39,6,2,30
BRDA:42,7,0,6
BRDA:42,7,1,24
BRDA:55,8,0,71
BRDA:55,8,1,19
BRDA:58,9,0,1
BRDA:58,9,1,18
BRDA:61,10,0,6
BRDA:61,10,1,12
BRDA:74,11,0,90
BRDA:74,11,1,88
BRDA:77,12,0,1
BRDA:77,12,1,87
BRDA:80,13,0,12
BRDA:80,13,1,75
BRDA:93,14,0,52
BRDA:93,14,1,37
BRDA:96,15,0,1
BRDA:96,15,1,36
BRDA:99,16,0,7
BRDA:99,16,1,29
BRDA:112,17,0,66
BRDA:112,17,1,23
BRDA:115,18,0,1
BRDA:115,18,1,22
BRDA:118,19,0,4
BRDA:118,19,1,18
BRDA:132,20,0,6
BRDA:132,20,1,5
BRDA:151,21,0,3
BRDA:151,21,1,1
BRF:45
BRH:45
end_of_record
